<?xml version="1.0" encoding="UTF-8"?>
<testng-results skipped="0" failed="0" ignored="0" total="1" passed="1">
  <reporter-output>
  </reporter-output>
  <suite name="Default suite" duration-ms="32110" started-at="2021-05-18T17:34:54 CDT" finished-at="2021-05-18T17:35:27 CDT">
    <groups>
    </groups>
    <test name="Default test" duration-ms="32110" started-at="2021-05-18T17:34:54 CDT" finished-at="2021-05-18T17:35:27 CDT">
      <class name="webdriver.Ass2b">
        <test-method status="PASS" signature="property()[pri:0, instance:webdriver.Ass2b@3234e239]" name="property" is-config="true" duration-ms="11" started-at="2021-05-18T17:34:54 CDT" finished-at="2021-05-18T17:34:54 CDT">
          <reporter-output>
          </reporter-output>
        </test-method> <!-- property -->
        <test-method status="PASS" signature="init()[pri:0, instance:webdriver.Ass2b@3234e239]" name="init" is-config="true" duration-ms="22651" started-at="2021-05-18T17:34:55 CDT" finished-at="2021-05-18T17:35:17 CDT">
          <reporter-output>
          </reporter-output>
        </test-method> <!-- init -->
        <test-method status="PASS" signature="customerTest()[pri:0, instance:webdriver.Ass2b@3234e239]" name="customerTest" duration-ms="8685" started-at="2021-05-18T17:35:17 CDT" finished-at="2021-05-18T17:35:26 CDT">
          <reporter-output>
          </reporter-output>
        </test-method> <!-- customerTest -->
        <test-method status="PASS" signature="tearDown()[pri:0, instance:webdriver.Ass2b@3234e239]" name="tearDown" is-config="true" duration-ms="721" started-at="2021-05-18T17:35:26 CDT" finished-at="2021-05-18T17:35:27 CDT">
          <reporter-output>
          </reporter-output>
        </test-method> <!-- tearDown -->
      </class> <!-- webdriver.Ass2b -->
    </test> <!-- Default test -->
  </suite> <!-- Default suite -->
</testng-results>
